13:50:19.923 INFO  Uploaded File: /home/soubhik/watcher2/check-versions.js to https://www.edms.cf 
13:51:24.709 INFO  Deleting NodeId: d24f1c52-a8d5-422c-a409-df051dfebfb7 from https://www.edms.cf 
13:51:31.538 INFO  Deleting NodeId: 0ddd1c8d-d9c4-4e79-88fd-e49508a525cf from https://www.edms.cf 
13:51:31.541 INFO  Deleting NodeId: 95ff8cab-80a5-441c-82f8-22e1147d0929 from https://www.edms.cf 
13:51:31.543 INFO  Deleting NodeId: 1a2acd66-3d43-47e3-9b40-eb4c7738a7dd from https://www.edms.cf 
13:51:31.545 INFO  Deleting NodeId: 0cbb85fb-1e78-42b9-bc55-de823bab575b from https://www.edms.cf 
13:51:31.546 INFO  Deleting NodeId: 4eac5438-3de5-45e6-b629-c036a7b84a48 from https://www.edms.cf 
13:51:31.547 INFO  Deleting NodeId: 52996cc9-adcc-469f-9d05-270032804f5b from https://www.edms.cf 
13:55:11.422 INFO  Uploaded File: /home/soubhik/watcher2/webpack.dev.conf.js to https://www.edms.cf 
13:55:11.425 INFO  Uploaded File: /home/soubhik/watcher2/webpack.prod.conf.js to https://www.edms.cf 
13:55:56.927 INFO  Uploaded File: /home/soubhik/watcher2/webpack.base.conf.js to https://www.edms.cf 
13:56:50.724 INFO  Deleting NodeId: c07be757-4ba1-4649-8ff2-08a7cfca7f73 from https://www.edms.cf 
13:57:10.812 INFO  Uploaded File: /home/soubhik/watcher2/vue-loader.conf.js to https://www.edms.cf 
13:59:13.650 INFO  Downloading File: /home/soubhik/watcher2/vue-loader.conf.js from https://www.edms.cf 
13:59:14.889 INFO  Downloading File: /home/soubhik/watcher2/webpack.base.conf.js from https://www.edms.cf 
13:59:16.907 INFO  Downloading File: /home/soubhik/watcher2/webpack.dev.conf.js from https://www.edms.cf 
13:59:20.423 INFO  Uploaded File: /home/soubhik/watcher2/utils.js to https://www.edms.cf 
13:59:22.278 INFO  Uploaded File: /home/soubhik/watcher2/vue-loader.conf.js to https://www.edms.cf 
13:59:24.530 INFO  Uploaded File: /home/soubhik/watcher2/webpack.base.conf.js to https://www.edms.cf 
13:59:27.377 INFO  Uploaded File: /home/soubhik/watcher2/webpack.dev.conf.js to https://www.edms.cf 
14:07:54.813 INFO  Downloading File: /home/soubhik/watcher2/utils.js from https://www.edms.cf 
14:07:55.751 INFO  Downloading File: /home/soubhik/watcher2/vue-loader.conf.js from https://www.edms.cf 
14:07:58.005 INFO  Downloading File: /home/soubhik/watcher2/webpack.base.conf.js from https://www.edms.cf 
14:07:59.146 INFO  Downloading File: /home/soubhik/watcher2/webpack.dev.conf.js from https://www.edms.cf 
14:08:04.268 INFO  Uploaded File: /home/soubhik/watcher2/check-versions.js to https://www.edms.cf 
14:10:38.547 INFO  Deleting NodeId: 764a7017-bca4-4cbb-8d28-8f43e3a4a727 from https://www.edms.cf 
14:10:40.290 INFO  Deleting NodeId: 9fd85733-2236-4c25-8f5b-895132c4cca6 from https://www.edms.cf 
14:10:40.608 INFO  Deleting NodeId: 365315a5-35ac-47c1-abaa-1e9497cfbe89 from https://www.edms.cf 
14:10:40.646 INFO  Deleting NodeId: bceb09bb-7681-418e-869f-846a2aa49d0f from https://www.edms.cf 
14:10:40.650 INFO  Deleting NodeId: e59e7bf0-ffd2-4653-955f-c92367789c2d from https://www.edms.cf 
14:10:43.867 INFO  Deleting NodeId: 02ac9d83-56ec-459c-967a-6f159b579235 from https://www.edms.cf 
14:10:48.424 INFO  Deleting NodeId: 29430727-8b18-4dd3-89b6-9ec301fe604c from https://www.edms.cf 
14:10:48.426 INFO  Deleting NodeId: 8171374a-d634-488e-9295-8143465d8d25 from https://www.edms.cf 
14:10:48.449 INFO  Deleting NodeId: bfca06dd-6332-4c34-b55e-012ef6ffd486 from https://www.edms.cf 
14:10:53.274 INFO  Deleting NodeId: 486097d2-8c63-4ac5-877a-a18d5b5305c4 from https://www.edms.cf 
14:10:54.249 INFO  Deleting NodeId: 0defad38-32a4-41b0-bab0-c9b63b97dec3 from https://www.edms.cf 
14:12:57.220 INFO  Downloading File: /home/soubhik/watcher2/check-versions.js from https://www.edms.cf 
14:13:01.893 INFO  Uploaded File: /home/soubhik/watcher2/build.js to https://www.edms.cf 
14:13:03.865 INFO  Uploaded File: /home/soubhik/watcher2/check-versions.js to https://www.edms.cf 
14:13:05.872 INFO  Uploaded File: /home/soubhik/watcher2/dev.env.js to https://www.edms.cf 
14:14:20.511 INFO  Uploaded File: /home/soubhik/watcher2/index.js to https://www.edms.cf 
14:16:39.940 INFO  Downloading File: /home/soubhik/watcher2/build.js from https://www.edms.cf 
14:16:42.085 INFO  Downloading File: /home/soubhik/watcher2/check-versions.js from https://www.edms.cf 
14:16:43.988 INFO  Downloading File: /home/soubhik/watcher2/dev.env.js from https://www.edms.cf 
14:16:45.768 INFO  Downloading File: /home/soubhik/watcher2/index.js from https://www.edms.cf 
14:16:50.758 INFO  Uploaded File: /home/soubhik/watcher2/build.js to https://www.edms.cf 
14:16:53.228 INFO  Uploaded File: /home/soubhik/watcher2/check-versions.js to https://www.edms.cf 
14:16:55.126 INFO  Uploaded File: /home/soubhik/watcher2/dev.env.js to https://www.edms.cf 
14:16:58.170 INFO  Uploaded File: /home/soubhik/watcher2/index.js to https://www.edms.cf 
14:18:50.551 INFO  Uploaded File: /home/soubhik/watcher2/prod.env.js to https://www.edms.cf 
14:19:42.629 INFO  Deleting NodeId: 98a82eb8-57ff-407e-adb0-d301f00df37c from https://www.edms.cf 
14:19:44.910 INFO  Downloading File: /home/soubhik/watcher2/build.js from https://www.edms.cf 
14:19:44.911 INFO  Deleting NodeId: 4819ed25-c11a-4bd6-83a1-f355ae4fc9cc from https://www.edms.cf 
14:19:47.100 INFO  Deleting NodeId: 7cd92af9-effb-4946-970d-c6ba02cc584e from https://www.edms.cf 
14:19:47.530 INFO  Downloading File: /home/soubhik/watcher2/check-versions.js from https://www.edms.cf 
14:19:49.869 INFO  Deleting NodeId: 87d2ad59-756d-4347-b17c-da3d96a3448e from https://www.edms.cf 
14:19:50.481 INFO  Downloading File: /home/soubhik/watcher2/dev.env.js from https://www.edms.cf 
14:19:52.990 INFO  Deleting NodeId: 6f05394d-ea53-4935-bf83-5391e768cb00 from https://www.edms.cf 
14:19:53.899 INFO  Downloading File: /home/soubhik/watcher2/index.js from https://www.edms.cf 
14:19:56.505 INFO  Deleting NodeId: aceecc47-81fb-4c88-82dd-7b6963e88914 from https://www.edms.cf 
14:19:57.677 INFO  Downloading File: /home/soubhik/watcher2/prod.env.js from https://www.edms.cf 
14:19:58.995 INFO  Deleting NodeId: 1e69371c-805d-4194-aff2-ff154383deaf from https://www.edms.cf 
14:20:00.390 INFO  Downloading File: /home/soubhik/watcher2/vue-loader.conf.js from https://www.edms.cf 
14:20:01.408 INFO  Deleting NodeId: 2a7975cf-2531-45f2-a78d-3f4fe646a317 from https://www.edms.cf 
14:20:03.295 INFO  Downloading File: /home/soubhik/watcher2/webpack.base.conf.js from https://www.edms.cf 
14:20:04.362 INFO  Deleting NodeId: 366e3ff3-6bb0-4179-8250-f215fe82ede2 from https://www.edms.cf 
14:20:05.458 INFO  Downloading File: /home/soubhik/watcher2/webpack.dev.conf.js from https://www.edms.cf 
14:20:09.405 INFO  Uploaded File: /home/soubhik/watcher2/build.js to https://www.edms.cf 
14:20:12.984 INFO  Uploaded File: /home/soubhik/watcher2/check-versions.js to https://www.edms.cf 
14:20:15.832 INFO  Uploaded File: /home/soubhik/watcher2/dev.env.js to https://www.edms.cf 
14:20:19.304 INFO  Uploaded File: /home/soubhik/watcher2/index.js to https://www.edms.cf 
14:20:22.441 INFO  Uploaded File: /home/soubhik/watcher2/prod.env.js to https://www.edms.cf 
14:20:25.532 INFO  Uploaded File: /home/soubhik/watcher2/Uploader.vue to https://www.edms.cf 
14:20:29.785 INFO  Uploaded File: /home/soubhik/watcher2/webpack.base.conf.js to https://www.edms.cf 
14:20:32.584 INFO  Uploaded File: /home/soubhik/watcher2/webpack.dev.conf.js to https://www.edms.cf 
14:24:40.314 INFO  Downloading File: /home/soubhik/watcher2/check-versions.js from https://www.edms.cf 
14:24:42.873 INFO  Downloading File: /home/soubhik/watcher2/dev.env.js from https://www.edms.cf 
14:24:44.688 INFO  Downloading File: /home/soubhik/watcher2/index.js from https://www.edms.cf 
14:24:45.490 INFO  Downloading File: /home/soubhik/watcher2/prod.env.js from https://www.edms.cf 
14:24:47.317 INFO  Downloading File: /home/soubhik/watcher2/Uploader.vue from https://www.edms.cf 
14:24:48.798 INFO  Downloading File: /home/soubhik/watcher2/webpack.base.conf.js from https://www.edms.cf 
14:26:54.250 INFO  Deleting NodeId: da53390f-716b-4119-8f46-2c8adf4dfadb from https://www.edms.cf 
14:26:57.520 INFO  Downloading File: /home/soubhik/watcher2/dev.env.js from https://www.edms.cf 
14:26:58.175 INFO  Downloading File: /home/soubhik/watcher2/index.js from https://www.edms.cf 
14:26:59.748 INFO  Downloading File: /home/soubhik/watcher2/prod.env.js from https://www.edms.cf 
14:26:59.757 INFO  Deleting NodeId: 240bcb1f-030f-4be6-9628-8cd4492380da from https://www.edms.cf 
14:27:01.597 INFO  Downloading File: /home/soubhik/watcher2/Uploader.vue from https://www.edms.cf 
14:27:07.651 INFO  Deleting NodeId: 861c1555-9d47-49d2-9bab-996668474472 from https://www.edms.cf 
14:27:08.550 INFO  Downloading File: /home/soubhik/watcher2/webpack.base.conf.js from https://www.edms.cf 
14:27:10.069 INFO  Deleting NodeId: 79b2b5cf-cadc-4cc7-8568-ae1bb45a2537 from https://www.edms.cf 
14:27:13.110 INFO  Deleting NodeId: 56d0e79b-1a25-4a0b-a663-8498a7b89fe1 from https://www.edms.cf 
14:27:13.550 INFO  Uploaded File: /home/soubhik/watcher2/build.js to https://www.edms.cf 
14:27:15.937 INFO  Deleting NodeId: 9f5aef60-2b77-4ff9-b8e7-50981dd3692c from https://www.edms.cf 
14:27:17.370 INFO  Uploaded File: /home/soubhik/watcher2/dev.env.js to https://www.edms.cf 
14:27:19.666 INFO  Uploaded File: /home/soubhik/watcher2/index.js to https://www.edms.cf 
14:27:21.962 INFO  Uploaded File: /home/soubhik/watcher2/prod.env.js to https://www.edms.cf 
14:27:25.625 INFO  Uploaded File: /home/soubhik/watcher2/Uploader.vue to https://www.edms.cf 
14:27:28.641 INFO  Uploaded File: /home/soubhik/watcher2/webpack.base.conf.js to https://www.edms.cf 
14:32:58.963 INFO  Downloading File: /home/soubhik/watcher2/build.js from https://www.edms.cf 
14:33:00.327 INFO  Downloading File: /home/soubhik/watcher2/dev.env.js from https://www.edms.cf 
14:33:01.934 INFO  Downloading File: /home/soubhik/watcher2/index.js from https://www.edms.cf 
14:33:03.452 INFO  Downloading File: /home/soubhik/watcher2/prod.env.js from https://www.edms.cf 
14:33:05.597 INFO  Downloading File: /home/soubhik/watcher2/Uploader.vue from https://www.edms.cf 
14:33:08.495 INFO  Downloading File: /home/soubhik/watcher2/webpack.base.conf.js from https://www.edms.cf 
14:34:07.287 INFO  Downloading File: /home/soubhik/watcher2/webpack.base.conf.js from https://www.edms.cf 
14:37:50.957 INFO  Deleting NodeId: 89ef3f69-7759-4d32-b0ec-24114440e295 from https://www.edms.cf 
14:37:52.669 INFO  Deleting NodeId: 7e69ad9d-99c4-4d54-a327-01a9fee81576 from https://www.edms.cf 
14:37:55.061 INFO  Deleting NodeId: 936a4752-f66b-4619-a098-b693258833c8 from https://www.edms.cf 
14:37:59.673 INFO  Deleting NodeId: 3d5a7d23-59f7-42f7-bbbc-f7c1df7bce04 from https://www.edms.cf 
14:38:05.454 INFO  Deleting NodeId: 73a1e101-cdbb-4d0e-a95d-a0ee27c72bee from https://www.edms.cf 
14:38:09.973 INFO  Uploaded File: /home/soubhik/watcher2/build.js to https://www.edms.cf 
14:40:16.412 INFO  Deleting NodeId: 43ea6ccc-2867-4821-b434-a88321a115b9 from https://www.edms.cf 
14:40:30.295 INFO  Uploaded File: /home/soubhik/watcher2/Uploader.vue to https://www.edms.cf 
14:49:26.280 INFO  Uploaded File: /home/soubhik/watcher2/main.js to https://www.edms.cf 
14:50:12.369 INFO  Deleting NodeId: 89c8e110-39a8-4a44-9e40-c80d95fb601a from https://www.edms.cf 
14:50:16.799 INFO  Downloading File: /home/soubhik/watcher2/main.js from https://www.edms.cf 
14:50:20.240 INFO  Uploaded Folder: /home/soubhik/watcher2/router to https://www.edms.cf 
14:50:22.259 INFO  Uploaded File: /home/soubhik/watcher2/router/index.js to https://www.edms.cf 
14:50:25.206 INFO  Uploaded Folder: /home/soubhik/watcher2/services to https://www.edms.cf 
14:50:29.048 INFO  Uploaded File: /home/soubhik/watcher2/services/api.js to https://www.edms.cf 
14:55:57.530 INFO  Downloading File: /home/soubhik/watcher2/router/index.js from https://www.edms.cf 
14:56:02.279 INFO  Downloading File: /home/soubhik/watcher2/services/api.js from https://www.edms.cf 
14:56:08.396 INFO  Uploaded File: /home/soubhik/watcher2/main.js to https://www.edms.cf 
14:57:13.218 INFO  Downloading File: /home/soubhik/watcher2/main.js from https://www.edms.cf 
14:58:06.386 INFO  Uploaded File: /home/soubhik/watcher2/main.js to https://www.edms.cf 
15:11:18.762 INFO  Downloading File: /home/soubhik/watcher2/main.js from https://www.edms.cf 
15:21:32.127 INFO  Uploaded File: /home/soubhik/watcher2/main.js to https://www.edms.cf 
15:22:30.101 INFO  Uploaded Folder: /home/soubhik/watcher2/router to https://www.edms.cf 
15:22:32.795 INFO  Uploaded File: /home/soubhik/watcher2/router/index.js to https://www.edms.cf 
15:23:55.779 INFO  Downloading File: /home/soubhik/watcher2/services/api.js from https://www.edms.cf 
15:23:58.022 INFO  Downloading File: /home/soubhik/watcher2/App.vue from https://www.edms.cf 
15:23:59.212 INFO  Downloading File: /home/soubhik/watcher2/main.js from https://www.edms.cf 
16:00:49.242 INFO  Downloading File: /home/soubhik/watcher2/services/api.js from https://www.edms.cf 
